23-Mar-2026 11:37:51.115 INFO [main] org.apache.catalina.startup.VersionLoggerListener.log Nombre de la versión del servidor: Apache Tomcat/9.0.116
23-Mar-2026 11:37:51.124 INFO [main] org.apache.catalina.startup.VersionLoggerListener.log Server built:                      Mar 16 2026 15:05:42 UTC
23-Mar-2026 11:37:51.124 INFO [main] org.apache.catalina.startup.VersionLoggerListener.log Número de versión de servidor:     9.0.116.0
23-Mar-2026 11:37:51.124 INFO [main] org.apache.catalina.startup.VersionLoggerListener.log OS Name:                           Windows 10
23-Mar-2026 11:37:51.124 INFO [main] org.apache.catalina.startup.VersionLoggerListener.log Versión de Systema Operativo:      10.0
23-Mar-2026 11:37:51.124 INFO [main] org.apache.catalina.startup.VersionLoggerListener.log Arquitectura:                      amd64
23-Mar-2026 11:37:51.124 INFO [main] org.apache.catalina.startup.VersionLoggerListener.log Java Home:                         C:\Program Files\Java\jdk-23
23-Mar-2026 11:37:51.124 INFO [main] org.apache.catalina.startup.VersionLoggerListener.log JVM Version:                       23.0.2+7-58
23-Mar-2026 11:37:51.124 INFO [main] org.apache.catalina.startup.VersionLoggerListener.log Vededor JVM:                       Oracle Corporation
23-Mar-2026 11:37:51.124 INFO [main] org.apache.catalina.startup.VersionLoggerListener.log CATALINA_BASE:                     C:\SisO\apache-tomcat-9.0.116-windows-x64\apache-tomcat-9.0.116
23-Mar-2026 11:37:51.124 INFO [main] org.apache.catalina.startup.VersionLoggerListener.log CATALINA_HOME:                     C:\SisO\apache-tomcat-9.0.116-windows-x64\apache-tomcat-9.0.116
23-Mar-2026 11:37:51.151 INFO [main] org.apache.catalina.startup.VersionLoggerListener.log Command line argument:             --add-opens=java.base/java.lang=ALL-UNNAMED
23-Mar-2026 11:37:51.152 INFO [main] org.apache.catalina.startup.VersionLoggerListener.log Command line argument:             --add-opens=java.base/java.lang.invoke=ALL-UNNAMED
23-Mar-2026 11:37:51.152 INFO [main] org.apache.catalina.startup.VersionLoggerListener.log Command line argument:             --add-opens=java.base/java.lang.reflect=ALL-UNNAMED
23-Mar-2026 11:37:51.152 INFO [main] org.apache.catalina.startup.VersionLoggerListener.log Command line argument:             --add-opens=java.base/java.io=ALL-UNNAMED
23-Mar-2026 11:37:51.153 INFO [main] org.apache.catalina.startup.VersionLoggerListener.log Command line argument:             --add-opens=java.base/java.util=ALL-UNNAMED
23-Mar-2026 11:37:51.153 INFO [main] org.apache.catalina.startup.VersionLoggerListener.log Command line argument:             --add-opens=java.base/java.util.concurrent=ALL-UNNAMED
23-Mar-2026 11:37:51.154 INFO [main] org.apache.catalina.startup.VersionLoggerListener.log Command line argument:             --add-opens=java.rmi/sun.rmi.transport=ALL-UNNAMED
23-Mar-2026 11:37:51.154 INFO [main] org.apache.catalina.startup.VersionLoggerListener.log Command line argument:             -Djava.util.logging.config.file=C:\SisO\apache-tomcat-9.0.116-windows-x64\apache-tomcat-9.0.116\conf\logging.properties
23-Mar-2026 11:37:51.154 INFO [main] org.apache.catalina.startup.VersionLoggerListener.log Command line argument:             -Djava.util.logging.manager=org.apache.juli.ClassLoaderLogManager
23-Mar-2026 11:37:51.155 INFO [main] org.apache.catalina.startup.VersionLoggerListener.log Command line argument:             -Djdk.tls.ephemeralDHKeySize=2048
23-Mar-2026 11:37:51.155 INFO [main] org.apache.catalina.startup.VersionLoggerListener.log Command line argument:             -Djava.protocol.handler.pkgs=org.apache.catalina.webresources
23-Mar-2026 11:37:51.155 INFO [main] org.apache.catalina.startup.VersionLoggerListener.log Command line argument:             -Dsun.io.useCanonCaches=false
23-Mar-2026 11:37:51.156 INFO [main] org.apache.catalina.startup.VersionLoggerListener.log Command line argument:             -Dignore.endorsed.dirs=
23-Mar-2026 11:37:51.156 INFO [main] org.apache.catalina.startup.VersionLoggerListener.log Command line argument:             -Dcatalina.base=C:\SisO\apache-tomcat-9.0.116-windows-x64\apache-tomcat-9.0.116
23-Mar-2026 11:37:51.174 INFO [main] org.apache.catalina.startup.VersionLoggerListener.log Command line argument:             -Dcatalina.home=C:\SisO\apache-tomcat-9.0.116-windows-x64\apache-tomcat-9.0.116
23-Mar-2026 11:37:51.174 INFO [main] org.apache.catalina.startup.VersionLoggerListener.log Command line argument:             -Djava.io.tmpdir=C:\SisO\apache-tomcat-9.0.116-windows-x64\apache-tomcat-9.0.116\temp
23-Mar-2026 11:37:51.185 INFO [main] org.apache.catalina.core.AprLifecycleListener.lifecycleEvent Cargada la biblioteca nativa APR de Apache Tomcat [1.3.7] con la versión APR [1.7.6].
23-Mar-2026 11:37:51.186 INFO [main] org.apache.catalina.core.AprLifecycleListener.lifecycleEvent Capacidades APR: IPv6 [true], enviar fichero [true], aceptar filtros [false], aleatorio [true], UDS [true].
23-Mar-2026 11:37:51.186 INFO [main] org.apache.catalina.core.AprLifecycleListener.lifecycleEvent APR/OpenSSL configuration: useAprConnector [false], useOpenSSL [true]
23-Mar-2026 11:37:51.192 INFO [main] org.apache.catalina.core.AprLifecycleListener.initializeSSL OpenSSL inicializado correctamente [OpenSSL 3.0.19 27 Jan 2026]
23-Mar-2026 11:37:52.149 INFO [main] org.apache.coyote.AbstractProtocol.init Inicializando el manejador de protocolo ["http-nio-8080"]

23-Mar-2026 11:37:52.216 INFO [main] org.apache.catalina.startup.Catalina.load Server initialization in [1629] milliseconds
23-Mar-2026 11:37:52.391 INFO [main] org.apache.catalina.core.StandardService.startInternal Arrancando servicio [Catalina]
23-Mar-2026 11:37:52.392 INFO [main] org.apache.catalina.core.StandardEngine.startInternal Starting Servlet engine: [Apache Tomcat/9.0.116]
23-Mar-2026 11:37:52.422 INFO [main] org.apache.catalina.startup.HostConfig.deployDirectory Desplegando el directorio [C:\SisO\apache-tomcat-9.0.116-windows-x64\apache-tomcat-9.0.116\webapps\docs] de la aplicación web
23-Mar-2026 11:37:53.412 INFO [main] org.apache.catalina.startup.HostConfig.deployDirectory Deployment of web application directory [C:\SisO\apache-tomcat-9.0.116-windows-x64\apache-tomcat-9.0.116\webapps\docs] has finished in [984] ms
23-Mar-2026 11:37:53.414 INFO [main] org.apache.catalina.startup.HostConfig.deployDirectory Desplegando el directorio [C:\SisO\apache-tomcat-9.0.116-windows-x64\apache-tomcat-9.0.116\webapps\examples] de la aplicación web
23-Mar-2026 11:37:54.714 INFO [main] org.apache.catalina.startup.HostConfig.deployDirectory Deployment of web application directory [C:\SisO\apache-tomcat-9.0.116-windows-x64\apache-tomcat-9.0.116\webapps\examples] has finished in [1.301] ms
23-Mar-2026 11:37:54.715 INFO [main] org.apache.catalina.startup.HostConfig.deployDirectory Desplegando el directorio [C:\SisO\apache-tomcat-9.0.116-windows-x64\apache-tomcat-9.0.116\webapps\host-manager] de la aplicación web
23-Mar-2026 11:37:54.845 INFO [main] org.apache.catalina.startup.HostConfig.deployDirectory Deployment of web application directory [C:\SisO\apache-tomcat-9.0.116-windows-x64\apache-tomcat-9.0.116\webapps\host-manager] has finished in [130] ms
23-Mar-2026 11:37:54.845 INFO [main] org.apache.catalina.startup.HostConfig.deployDirectory Desplegando el directorio [C:\SisO\apache-tomcat-9.0.116-windows-x64\apache-tomcat-9.0.116\webapps\manager] de la aplicación web
23-Mar-2026 11:37:54.978 INFO [main] org.apache.catalina.startup.HostConfig.deployDirectory Deployment of web application directory [C:\SisO\apache-tomcat-9.0.116-windows-x64\apache-tomcat-9.0.116\webapps\manager] has finished in [133] ms
23-Mar-2026 11:37:54.979 INFO [main] org.apache.catalina.startup.HostConfig.deployDirectory Desplegando el directorio [C:\SisO\apache-tomcat-9.0.116-windows-x64\apache-tomcat-9.0.116\webapps\ROOT] de la aplicación web
23-Mar-2026 11:37:55.094 INFO [main] org.apache.catalina.startup.HostConfig.deployDirectory Deployment of web application directory [C:\SisO\apache-tomcat-9.0.116-windows-x64\apache-tomcat-9.0.116\webapps\ROOT] has finished in [114] ms
23-Mar-2026 11:37:55.108 INFO [main] org.apache.coyote.AbstractProtocol.start Starting ProtocolHandler ["http-nio-8080"]
23-Mar-2026 11:37:55.211 INFO [main] org.apache.catalina.startup.Catalina.start Server startup in [2992] milliseconds
23-Mar-2026 11:38:04.482 INFO [http-nio-8080-exec-10] org.apache.catalina.startup.HostConfig.deployDescriptor Desplieque del descriptor de configuración [C:\SisO\apache-tomcat-9.0.116-windows-x64\apache-tomcat-9.0.116\conf\Catalina\localhost\WebApplication1.xml]
23-Mar-2026 11:38:04.487 WARNING [http-nio-8080-exec-10] org.apache.catalina.startup.HostConfig.deployDescriptor The path attribute with value [/WebApplication1] in deployment descriptor [C:\SisO\apache-tomcat-9.0.116-windows-x64\apache-tomcat-9.0.116\conf\Catalina\localhost\WebApplication1.xml] has been ignored
23-Mar-2026 11:38:04.827 INFO [http-nio-8080-exec-10] org.apache.catalina.startup.HostConfig.deployDescriptor Deployment of deployment descriptor [C:\SisO\apache-tomcat-9.0.116-windows-x64\apache-tomcat-9.0.116\conf\Catalina\localhost\WebApplication1.xml] has finished in [345] ms
23-Mar-2026 11:38:04.834 INFO [http-nio-8080-exec-2] org.apache.catalina.util.LifecycleBase.start The start() method was called on component [StandardEngine[Catalina].StandardHost[localhost].StandardContext[/WebApplication1]] after start() had already been called. The second call will be ignored.
