16-Apr-2026 22:58:18.373 INFO [main] org.apache.catalina.startup.VersionLoggerListener.log Nombre de la versión del servidor: Apache Tomcat/9.0.116
16-Apr-2026 22:58:18.386 INFO [main] org.apache.catalina.startup.VersionLoggerListener.log Server built:                      Mar 16 2026 15:05:42 UTC
16-Apr-2026 22:58:18.386 INFO [main] org.apache.catalina.startup.VersionLoggerListener.log Número de versión de servidor:     9.0.116.0
16-Apr-2026 22:58:18.387 INFO [main] org.apache.catalina.startup.VersionLoggerListener.log OS Name:                           Windows 10
16-Apr-2026 22:58:18.387 INFO [main] org.apache.catalina.startup.VersionLoggerListener.log Versión de Systema Operativo:      10.0
16-Apr-2026 22:58:18.388 INFO [main] org.apache.catalina.startup.VersionLoggerListener.log Arquitectura:                      amd64
16-Apr-2026 22:58:18.388 INFO [main] org.apache.catalina.startup.VersionLoggerListener.log Java Home:                         C:\Program Files\Java\jdk-23
16-Apr-2026 22:58:18.389 INFO [main] org.apache.catalina.startup.VersionLoggerListener.log JVM Version:                       23.0.2+7-58
16-Apr-2026 22:58:18.389 INFO [main] org.apache.catalina.startup.VersionLoggerListener.log Vededor JVM:                       Oracle Corporation
16-Apr-2026 22:58:18.390 INFO [main] org.apache.catalina.startup.VersionLoggerListener.log CATALINA_BASE:                     C:\SisO\apache-tomcat-9.0.116-windows-x64\apache-tomcat-9.0.116
16-Apr-2026 22:58:18.390 INFO [main] org.apache.catalina.startup.VersionLoggerListener.log CATALINA_HOME:                     C:\SisO\apache-tomcat-9.0.116-windows-x64\apache-tomcat-9.0.116
16-Apr-2026 22:58:18.421 INFO [main] org.apache.catalina.startup.VersionLoggerListener.log Command line argument:             --add-opens=java.base/java.lang=ALL-UNNAMED
16-Apr-2026 22:58:18.421 INFO [main] org.apache.catalina.startup.VersionLoggerListener.log Command line argument:             --add-opens=java.base/java.lang.invoke=ALL-UNNAMED
16-Apr-2026 22:58:18.422 INFO [main] org.apache.catalina.startup.VersionLoggerListener.log Command line argument:             --add-opens=java.base/java.lang.reflect=ALL-UNNAMED
16-Apr-2026 22:58:18.422 INFO [main] org.apache.catalina.startup.VersionLoggerListener.log Command line argument:             --add-opens=java.base/java.io=ALL-UNNAMED
16-Apr-2026 22:58:18.423 INFO [main] org.apache.catalina.startup.VersionLoggerListener.log Command line argument:             --add-opens=java.base/java.util=ALL-UNNAMED
16-Apr-2026 22:58:18.423 INFO [main] org.apache.catalina.startup.VersionLoggerListener.log Command line argument:             --add-opens=java.base/java.util.concurrent=ALL-UNNAMED
16-Apr-2026 22:58:18.424 INFO [main] org.apache.catalina.startup.VersionLoggerListener.log Command line argument:             --add-opens=java.rmi/sun.rmi.transport=ALL-UNNAMED
16-Apr-2026 22:58:18.424 INFO [main] org.apache.catalina.startup.VersionLoggerListener.log Command line argument:             -Djava.util.logging.config.file=C:\SisO\apache-tomcat-9.0.116-windows-x64\apache-tomcat-9.0.116\conf\logging.properties
16-Apr-2026 22:58:18.424 INFO [main] org.apache.catalina.startup.VersionLoggerListener.log Command line argument:             -Djava.util.logging.manager=org.apache.juli.ClassLoaderLogManager
16-Apr-2026 22:58:18.425 INFO [main] org.apache.catalina.startup.VersionLoggerListener.log Command line argument:             -Djdk.tls.ephemeralDHKeySize=2048
16-Apr-2026 22:58:18.427 INFO [main] org.apache.catalina.startup.VersionLoggerListener.log Command line argument:             -Djava.protocol.handler.pkgs=org.apache.catalina.webresources
16-Apr-2026 22:58:18.428 INFO [main] org.apache.catalina.startup.VersionLoggerListener.log Command line argument:             -Dsun.io.useCanonCaches=false
16-Apr-2026 22:58:18.428 INFO [main] org.apache.catalina.startup.VersionLoggerListener.log Command line argument:             -Dignore.endorsed.dirs=
16-Apr-2026 22:58:18.429 INFO [main] org.apache.catalina.startup.VersionLoggerListener.log Command line argument:             -Dcatalina.base=C:\SisO\apache-tomcat-9.0.116-windows-x64\apache-tomcat-9.0.116
16-Apr-2026 22:58:18.430 INFO [main] org.apache.catalina.startup.VersionLoggerListener.log Command line argument:             -Dcatalina.home=C:\SisO\apache-tomcat-9.0.116-windows-x64\apache-tomcat-9.0.116
16-Apr-2026 22:58:18.431 INFO [main] org.apache.catalina.startup.VersionLoggerListener.log Command line argument:             -Djava.io.tmpdir=C:\SisO\apache-tomcat-9.0.116-windows-x64\apache-tomcat-9.0.116\temp
16-Apr-2026 22:58:18.446 INFO [main] org.apache.catalina.core.AprLifecycleListener.lifecycleEvent Cargada la biblioteca nativa APR de Apache Tomcat [1.3.7] con la versión APR [1.7.6].
16-Apr-2026 22:58:18.447 INFO [main] org.apache.catalina.core.AprLifecycleListener.lifecycleEvent Capacidades APR: IPv6 [true], enviar fichero [true], aceptar filtros [false], aleatorio [true], UDS [true].
16-Apr-2026 22:58:18.447 INFO [main] org.apache.catalina.core.AprLifecycleListener.lifecycleEvent APR/OpenSSL configuration: useAprConnector [false], useOpenSSL [true]
16-Apr-2026 22:58:18.465 INFO [main] org.apache.catalina.core.AprLifecycleListener.initializeSSL OpenSSL inicializado correctamente [OpenSSL 3.0.19 27 Jan 2026]
16-Apr-2026 22:58:19.299 INFO [main] org.apache.coyote.AbstractProtocol.init Inicializando el manejador de protocolo ["http-nio-8080"]

16-Apr-2026 22:58:19.361 INFO [main] org.apache.catalina.startup.Catalina.load Server initialization in [1498] milliseconds
16-Apr-2026 22:58:19.487 INFO [main] org.apache.catalina.core.StandardService.startInternal Arrancando servicio [Catalina]
16-Apr-2026 22:58:19.487 INFO [main] org.apache.catalina.core.StandardEngine.startInternal Starting Servlet engine: [Apache Tomcat/9.0.116]
16-Apr-2026 22:58:19.506 INFO [main] org.apache.catalina.startup.HostConfig.deployDescriptor Desplieque del descriptor de configuración [C:\SisO\apache-tomcat-9.0.116-windows-x64\apache-tomcat-9.0.116\conf\Catalina\localhost\AuditorioUNA.xml]
16-Apr-2026 22:58:19.539 WARNING [main] org.apache.catalina.startup.HostConfig.deployDescriptor The path attribute with value [/AuditorioUNA] in deployment descriptor [C:\SisO\apache-tomcat-9.0.116-windows-x64\apache-tomcat-9.0.116\conf\Catalina\localhost\AuditorioUNA.xml] has been ignored
16-Apr-2026 22:58:21.027 INFO [main] org.apache.jasper.servlet.TldScanner.scanJars Al menos un JAR, que se ha explorado buscando TLDs, aún no contenía TLDs. Activar historial de depuración para este historiador para una completa lista de los JARs que fueron explorados y de los que nos se halló TLDs. Saltarse JARs no necesarios durante la exploración puede dar lugar a una mejora de tiempo significativa en el arranque y compilación de JSP .
16-Apr-2026 22:58:21.138 INFO [main] org.apache.catalina.startup.HostConfig.deployDescriptor Deployment of deployment descriptor [C:\SisO\apache-tomcat-9.0.116-windows-x64\apache-tomcat-9.0.116\conf\Catalina\localhost\AuditorioUNA.xml] has finished in [1.625] ms
16-Apr-2026 22:58:21.139 INFO [main] org.apache.catalina.startup.HostConfig.deployDescriptor Desplieque del descriptor de configuración [C:\SisO\apache-tomcat-9.0.116-windows-x64\apache-tomcat-9.0.116\conf\Catalina\localhost\WebApplication1.xml]
16-Apr-2026 22:58:21.140 WARNING [main] org.apache.catalina.startup.HostConfig.deployDescriptor The path attribute with value [/WebApplication1] in deployment descriptor [C:\SisO\apache-tomcat-9.0.116-windows-x64\apache-tomcat-9.0.116\conf\Catalina\localhost\WebApplication1.xml] has been ignored
16-Apr-2026 22:58:21.296 INFO [main] org.apache.catalina.startup.HostConfig.deployDescriptor Deployment of deployment descriptor [C:\SisO\apache-tomcat-9.0.116-windows-x64\apache-tomcat-9.0.116\conf\Catalina\localhost\WebApplication1.xml] has finished in [158] ms
16-Apr-2026 22:58:21.298 INFO [main] org.apache.catalina.startup.HostConfig.deployDirectory Desplegando el directorio [C:\SisO\apache-tomcat-9.0.116-windows-x64\apache-tomcat-9.0.116\webapps\docs] de la aplicación web
16-Apr-2026 22:58:21.398 INFO [main] org.apache.catalina.startup.HostConfig.deployDirectory Deployment of web application directory [C:\SisO\apache-tomcat-9.0.116-windows-x64\apache-tomcat-9.0.116\webapps\docs] has finished in [100] ms
16-Apr-2026 22:58:21.398 INFO [main] org.apache.catalina.startup.HostConfig.deployDirectory Desplegando el directorio [C:\SisO\apache-tomcat-9.0.116-windows-x64\apache-tomcat-9.0.116\webapps\examples] de la aplicación web
16-Apr-2026 22:58:22.226 INFO [main] org.apache.catalina.startup.HostConfig.deployDirectory Deployment of web application directory [C:\SisO\apache-tomcat-9.0.116-windows-x64\apache-tomcat-9.0.116\webapps\examples] has finished in [828] ms
16-Apr-2026 22:58:22.227 INFO [main] org.apache.catalina.startup.HostConfig.deployDirectory Desplegando el directorio [C:\SisO\apache-tomcat-9.0.116-windows-x64\apache-tomcat-9.0.116\webapps\host-manager] de la aplicación web
16-Apr-2026 22:58:22.331 INFO [main] org.apache.catalina.startup.HostConfig.deployDirectory Deployment of web application directory [C:\SisO\apache-tomcat-9.0.116-windows-x64\apache-tomcat-9.0.116\webapps\host-manager] has finished in [104] ms
16-Apr-2026 22:58:22.331 INFO [main] org.apache.catalina.startup.HostConfig.deployDirectory Desplegando el directorio [C:\SisO\apache-tomcat-9.0.116-windows-x64\apache-tomcat-9.0.116\webapps\manager] de la aplicación web
16-Apr-2026 22:58:22.431 INFO [main] org.apache.catalina.startup.HostConfig.deployDirectory Deployment of web application directory [C:\SisO\apache-tomcat-9.0.116-windows-x64\apache-tomcat-9.0.116\webapps\manager] has finished in [100] ms
16-Apr-2026 22:58:22.432 INFO [main] org.apache.catalina.startup.HostConfig.deployDirectory Desplegando el directorio [C:\SisO\apache-tomcat-9.0.116-windows-x64\apache-tomcat-9.0.116\webapps\ROOT] de la aplicación web
16-Apr-2026 22:58:22.500 INFO [main] org.apache.catalina.startup.HostConfig.deployDirectory Deployment of web application directory [C:\SisO\apache-tomcat-9.0.116-windows-x64\apache-tomcat-9.0.116\webapps\ROOT] has finished in [68] ms
16-Apr-2026 22:58:22.521 INFO [main] org.apache.coyote.AbstractProtocol.start Starting ProtocolHandler ["http-nio-8080"]
16-Apr-2026 22:58:22.626 INFO [main] org.apache.catalina.startup.Catalina.start Server startup in [3260] milliseconds
16-Apr-2026 22:58:26.904 INFO [http-nio-8080-exec-8] org.apache.catalina.startup.HostConfig.undeploy Repliegue (undeploy) de la aplicación web que tiene como trayectoria de contexto [/AuditorioUNA]
16-Apr-2026 22:58:26.939 INFO [http-nio-8080-exec-5] org.apache.catalina.startup.HostConfig.deployDescriptor Desplieque del descriptor de configuración [C:\SisO\apache-tomcat-9.0.116-windows-x64\apache-tomcat-9.0.116\conf\Catalina\localhost\AuditorioUNA.xml]
16-Apr-2026 22:58:26.943 WARNING [http-nio-8080-exec-5] org.apache.catalina.startup.HostConfig.deployDescriptor The path attribute with value [/AuditorioUNA] in deployment descriptor [C:\SisO\apache-tomcat-9.0.116-windows-x64\apache-tomcat-9.0.116\conf\Catalina\localhost\AuditorioUNA.xml] has been ignored
16-Apr-2026 22:58:27.714 INFO [http-nio-8080-exec-5] org.apache.jasper.servlet.TldScanner.scanJars Al menos un JAR, que se ha explorado buscando TLDs, aún no contenía TLDs. Activar historial de depuración para este historiador para una completa lista de los JARs que fueron explorados y de los que nos se halló TLDs. Saltarse JARs no necesarios durante la exploración puede dar lugar a una mejora de tiempo significativa en el arranque y compilación de JSP .
16-Apr-2026 22:58:27.720 INFO [http-nio-8080-exec-5] org.apache.catalina.startup.HostConfig.deployDescriptor Deployment of deployment descriptor [C:\SisO\apache-tomcat-9.0.116-windows-x64\apache-tomcat-9.0.116\conf\Catalina\localhost\AuditorioUNA.xml] has finished in [781] ms
16-Apr-2026 23:03:27.848 INFO [http-nio-8080-exec-13] org.apache.catalina.startup.HostConfig.undeploy Repliegue (undeploy) de la aplicación web que tiene como trayectoria de contexto [/AuditorioUNA]
16-Apr-2026 23:03:27.874 INFO [http-nio-8080-exec-15] org.apache.catalina.startup.HostConfig.deployDescriptor Desplieque del descriptor de configuración [C:\SisO\apache-tomcat-9.0.116-windows-x64\apache-tomcat-9.0.116\conf\Catalina\localhost\AuditorioUNA.xml]
16-Apr-2026 23:03:27.878 WARNING [http-nio-8080-exec-15] org.apache.catalina.startup.HostConfig.deployDescriptor The path attribute with value [/AuditorioUNA/frontend] in deployment descriptor [C:\SisO\apache-tomcat-9.0.116-windows-x64\apache-tomcat-9.0.116\conf\Catalina\localhost\AuditorioUNA.xml] has been ignored
16-Apr-2026 23:03:28.666 INFO [http-nio-8080-exec-15] org.apache.jasper.servlet.TldScanner.scanJars Al menos un JAR, que se ha explorado buscando TLDs, aún no contenía TLDs. Activar historial de depuración para este historiador para una completa lista de los JARs que fueron explorados y de los que nos se halló TLDs. Saltarse JARs no necesarios durante la exploración puede dar lugar a una mejora de tiempo significativa en el arranque y compilación de JSP .
16-Apr-2026 23:03:28.675 INFO [http-nio-8080-exec-15] org.apache.catalina.startup.HostConfig.deployDescriptor Deployment of deployment descriptor [C:\SisO\apache-tomcat-9.0.116-windows-x64\apache-tomcat-9.0.116\conf\Catalina\localhost\AuditorioUNA.xml] has finished in [800] ms
16-Apr-2026 23:03:40.075 INFO [http-nio-8080-exec-15] org.apache.catalina.startup.HostConfig.undeploy Repliegue (undeploy) de la aplicación web que tiene como trayectoria de contexto [/AuditorioUNA]
16-Apr-2026 23:03:40.119 INFO [http-nio-8080-exec-11] org.apache.catalina.startup.HostConfig.deployDescriptor Desplieque del descriptor de configuración [C:\SisO\apache-tomcat-9.0.116-windows-x64\apache-tomcat-9.0.116\conf\Catalina\localhost\AuditorioUNA#frontend.xml]
16-Apr-2026 23:03:40.121 WARNING [http-nio-8080-exec-11] org.apache.catalina.startup.HostConfig.deployDescriptor The path attribute with value [/AuditorioUNA/frontend] in deployment descriptor [C:\SisO\apache-tomcat-9.0.116-windows-x64\apache-tomcat-9.0.116\conf\Catalina\localhost\AuditorioUNA#frontend.xml] has been ignored
16-Apr-2026 23:03:41.159 INFO [http-nio-8080-exec-11] org.apache.jasper.servlet.TldScanner.scanJars Al menos un JAR, que se ha explorado buscando TLDs, aún no contenía TLDs. Activar historial de depuración para este historiador para una completa lista de los JARs que fueron explorados y de los que nos se halló TLDs. Saltarse JARs no necesarios durante la exploración puede dar lugar a una mejora de tiempo significativa en el arranque y compilación de JSP .
16-Apr-2026 23:03:41.167 INFO [http-nio-8080-exec-11] org.apache.catalina.startup.HostConfig.deployDescriptor Deployment of deployment descriptor [C:\SisO\apache-tomcat-9.0.116-windows-x64\apache-tomcat-9.0.116\conf\Catalina\localhost\AuditorioUNA#frontend.xml] has finished in [1.047] ms
16-Apr-2026 23:03:41.174 INFO [http-nio-8080-exec-16] org.apache.catalina.util.LifecycleBase.start The start() method was called on component [StandardEngine[Catalina].StandardHost[localhost].StandardContext[/AuditorioUNA/frontend]] after start() had already been called. The second call will be ignored.
16-Apr-2026 23:04:06.182 INFO [http-nio-8080-exec-15] org.apache.catalina.startup.HostConfig.undeploy Repliegue (undeploy) de la aplicación web que tiene como trayectoria de contexto [/AuditorioUNA/frontend]
16-Apr-2026 23:04:06.207 INFO [http-nio-8080-exec-16] org.apache.catalina.startup.HostConfig.deployDescriptor Desplieque del descriptor de configuración [C:\SisO\apache-tomcat-9.0.116-windows-x64\apache-tomcat-9.0.116\conf\Catalina\localhost\AuditorioUNA#frontend.xml]
16-Apr-2026 23:04:06.210 WARNING [http-nio-8080-exec-16] org.apache.catalina.startup.HostConfig.deployDescriptor The path attribute with value [/AuditorioUNA/frontend/index.html] in deployment descriptor [C:\SisO\apache-tomcat-9.0.116-windows-x64\apache-tomcat-9.0.116\conf\Catalina\localhost\AuditorioUNA#frontend.xml] has been ignored
16-Apr-2026 23:04:07.061 INFO [http-nio-8080-exec-16] org.apache.jasper.servlet.TldScanner.scanJars Al menos un JAR, que se ha explorado buscando TLDs, aún no contenía TLDs. Activar historial de depuración para este historiador para una completa lista de los JARs que fueron explorados y de los que nos se halló TLDs. Saltarse JARs no necesarios durante la exploración puede dar lugar a una mejora de tiempo significativa en el arranque y compilación de JSP .
16-Apr-2026 23:04:07.068 INFO [http-nio-8080-exec-16] org.apache.catalina.startup.HostConfig.deployDescriptor Deployment of deployment descriptor [C:\SisO\apache-tomcat-9.0.116-windows-x64\apache-tomcat-9.0.116\conf\Catalina\localhost\AuditorioUNA#frontend.xml] has finished in [861] ms
16-Apr-2026 23:04:10.236 INFO [http-nio-8080-exec-22] org.apache.catalina.startup.HostConfig.undeploy Repliegue (undeploy) de la aplicación web que tiene como trayectoria de contexto [/AuditorioUNA/frontend]
16-Apr-2026 23:04:10.288 INFO [http-nio-8080-exec-24] org.apache.catalina.startup.HostConfig.deployDescriptor Desplieque del descriptor de configuración [C:\SisO\apache-tomcat-9.0.116-windows-x64\apache-tomcat-9.0.116\conf\Catalina\localhost\AuditorioUNA#frontend#index.html.xml]
16-Apr-2026 23:04:10.290 WARNING [http-nio-8080-exec-24] org.apache.catalina.startup.HostConfig.deployDescriptor The path attribute with value [/AuditorioUNA/frontend/index.html] in deployment descriptor [C:\SisO\apache-tomcat-9.0.116-windows-x64\apache-tomcat-9.0.116\conf\Catalina\localhost\AuditorioUNA#frontend#index.html.xml] has been ignored
16-Apr-2026 23:04:11.033 INFO [http-nio-8080-exec-24] org.apache.jasper.servlet.TldScanner.scanJars Al menos un JAR, que se ha explorado buscando TLDs, aún no contenía TLDs. Activar historial de depuración para este historiador para una completa lista de los JARs que fueron explorados y de los que nos se halló TLDs. Saltarse JARs no necesarios durante la exploración puede dar lugar a una mejora de tiempo significativa en el arranque y compilación de JSP .
16-Apr-2026 23:04:11.043 INFO [http-nio-8080-exec-24] org.apache.catalina.startup.HostConfig.deployDescriptor Deployment of deployment descriptor [C:\SisO\apache-tomcat-9.0.116-windows-x64\apache-tomcat-9.0.116\conf\Catalina\localhost\AuditorioUNA#frontend#index.html.xml] has finished in [755] ms
16-Apr-2026 23:04:11.048 INFO [http-nio-8080-exec-18] org.apache.catalina.util.LifecycleBase.start The start() method was called on component [StandardEngine[Catalina].StandardHost[localhost].StandardContext[/AuditorioUNA/frontend/index.html]] after start() had already been called. The second call will be ignored.
16-Apr-2026 23:04:39.450 INFO [http-nio-8080-exec-18] org.apache.jasper.servlet.TldScanner.scanJars Al menos un JAR, que se ha explorado buscando TLDs, aún no contenía TLDs. Activar historial de depuración para este historiador para una completa lista de los JARs que fueron explorados y de los que nos se halló TLDs. Saltarse JARs no necesarios durante la exploración puede dar lugar a una mejora de tiempo significativa en el arranque y compilación de JSP .
16-Apr-2026 23:08:35.092 INFO [http-nio-8080-exec-34] org.apache.catalina.startup.HostConfig.undeploy Repliegue (undeploy) de la aplicación web que tiene como trayectoria de contexto [/AuditorioUNA/frontend/index.html]
16-Apr-2026 23:08:35.128 INFO [http-nio-8080-exec-41] org.apache.catalina.startup.HostConfig.deployDescriptor Desplieque del descriptor de configuración [C:\SisO\apache-tomcat-9.0.116-windows-x64\apache-tomcat-9.0.116\conf\Catalina\localhost\AuditorioUNA#frontend#index.html.xml]
16-Apr-2026 23:08:35.130 WARNING [http-nio-8080-exec-41] org.apache.catalina.core.StandardContext.setPath Una ruta de contexto debe de ser o una cadena vacía o comenzar con "/". La ruta [/AuditorioUNA/] no cumple con estos criterios y ha sido cambiada por [/AuditorioUNA]
16-Apr-2026 23:08:35.131 WARNING [http-nio-8080-exec-41] org.apache.catalina.startup.HostConfig.deployDescriptor The path attribute with value [/AuditorioUNA] in deployment descriptor [C:\SisO\apache-tomcat-9.0.116-windows-x64\apache-tomcat-9.0.116\conf\Catalina\localhost\AuditorioUNA#frontend#index.html.xml] has been ignored
16-Apr-2026 23:08:35.798 INFO [http-nio-8080-exec-41] org.apache.jasper.servlet.TldScanner.scanJars Al menos un JAR, que se ha explorado buscando TLDs, aún no contenía TLDs. Activar historial de depuración para este historiador para una completa lista de los JARs que fueron explorados y de los que nos se halló TLDs. Saltarse JARs no necesarios durante la exploración puede dar lugar a una mejora de tiempo significativa en el arranque y compilación de JSP .
16-Apr-2026 23:08:35.806 INFO [http-nio-8080-exec-41] org.apache.catalina.startup.HostConfig.deployDescriptor Deployment of deployment descriptor [C:\SisO\apache-tomcat-9.0.116-windows-x64\apache-tomcat-9.0.116\conf\Catalina\localhost\AuditorioUNA#frontend#index.html.xml] has finished in [679] ms
16-Apr-2026 23:08:40.580 INFO [http-nio-8080-exec-44] org.apache.catalina.startup.HostConfig.undeploy Repliegue (undeploy) de la aplicación web que tiene como trayectoria de contexto [/AuditorioUNA/frontend/index.html]
16-Apr-2026 23:08:40.608 INFO [http-nio-8080-exec-43] org.apache.catalina.startup.HostConfig.deployDescriptor Desplieque del descriptor de configuración [C:\SisO\apache-tomcat-9.0.116-windows-x64\apache-tomcat-9.0.116\conf\Catalina\localhost\AuditorioUNA#frontend#index.html.xml]
16-Apr-2026 23:08:40.611 WARNING [http-nio-8080-exec-43] org.apache.catalina.startup.HostConfig.deployDescriptor The path attribute with value [/AuditorioUNA] in deployment descriptor [C:\SisO\apache-tomcat-9.0.116-windows-x64\apache-tomcat-9.0.116\conf\Catalina\localhost\AuditorioUNA#frontend#index.html.xml] has been ignored
16-Apr-2026 23:08:41.345 INFO [http-nio-8080-exec-43] org.apache.jasper.servlet.TldScanner.scanJars Al menos un JAR, que se ha explorado buscando TLDs, aún no contenía TLDs. Activar historial de depuración para este historiador para una completa lista de los JARs que fueron explorados y de los que nos se halló TLDs. Saltarse JARs no necesarios durante la exploración puede dar lugar a una mejora de tiempo significativa en el arranque y compilación de JSP .
16-Apr-2026 23:08:41.350 INFO [http-nio-8080-exec-43] org.apache.catalina.startup.HostConfig.deployDescriptor Deployment of deployment descriptor [C:\SisO\apache-tomcat-9.0.116-windows-x64\apache-tomcat-9.0.116\conf\Catalina\localhost\AuditorioUNA#frontend#index.html.xml] has finished in [741] ms
16-Apr-2026 23:08:54.786 INFO [http-nio-8080-exec-39] org.apache.catalina.startup.HostConfig.undeploy Repliegue (undeploy) de la aplicación web que tiene como trayectoria de contexto [/AuditorioUNA/frontend/index.html]
16-Apr-2026 23:09:10.191 INFO [http-nio-8080-exec-46] org.apache.catalina.startup.HostConfig.deployDescriptor Desplieque del descriptor de configuración [C:\SisO\apache-tomcat-9.0.116-windows-x64\apache-tomcat-9.0.116\conf\Catalina\localhost\AuditorioUNA.xml]
16-Apr-2026 23:09:10.193 WARNING [http-nio-8080-exec-46] org.apache.catalina.startup.HostConfig.deployDescriptor The path attribute with value [/AuditorioUNA] in deployment descriptor [C:\SisO\apache-tomcat-9.0.116-windows-x64\apache-tomcat-9.0.116\conf\Catalina\localhost\AuditorioUNA.xml] has been ignored
16-Apr-2026 23:09:10.414 INFO [http-nio-8080-exec-46] org.apache.catalina.startup.HostConfig.deployDescriptor Deployment of deployment descriptor [C:\SisO\apache-tomcat-9.0.116-windows-x64\apache-tomcat-9.0.116\conf\Catalina\localhost\AuditorioUNA.xml] has finished in [223] ms
16-Apr-2026 23:09:10.419 INFO [http-nio-8080-exec-45] org.apache.catalina.util.LifecycleBase.start The start() method was called on component [StandardEngine[Catalina].StandardHost[localhost].StandardContext[/AuditorioUNA]] after start() had already been called. The second call will be ignored.
16-Apr-2026 23:13:45.728 INFO [http-nio-8080-exec-52] org.apache.catalina.startup.HostConfig.undeploy Repliegue (undeploy) de la aplicación web que tiene como trayectoria de contexto [/WebApplication1]
