05-Apr-2026 19:47:05.427 INFO [main] org.apache.catalina.startup.VersionLoggerListener.log Nombre de la versión del servidor: Apache Tomcat/9.0.116
05-Apr-2026 19:47:05.434 INFO [main] org.apache.catalina.startup.VersionLoggerListener.log Server built:                      Mar 16 2026 15:05:42 UTC
05-Apr-2026 19:47:05.435 INFO [main] org.apache.catalina.startup.VersionLoggerListener.log Número de versión de servidor:     9.0.116.0
05-Apr-2026 19:47:05.435 INFO [main] org.apache.catalina.startup.VersionLoggerListener.log OS Name:                           Windows 10
05-Apr-2026 19:47:05.435 INFO [main] org.apache.catalina.startup.VersionLoggerListener.log Versión de Systema Operativo:      10.0
05-Apr-2026 19:47:05.436 INFO [main] org.apache.catalina.startup.VersionLoggerListener.log Arquitectura:                      amd64
05-Apr-2026 19:47:05.436 INFO [main] org.apache.catalina.startup.VersionLoggerListener.log Java Home:                         C:\Program Files\Java\jdk-23
05-Apr-2026 19:47:05.436 INFO [main] org.apache.catalina.startup.VersionLoggerListener.log JVM Version:                       23.0.2+7-58
05-Apr-2026 19:47:05.437 INFO [main] org.apache.catalina.startup.VersionLoggerListener.log Vededor JVM:                       Oracle Corporation
05-Apr-2026 19:47:05.437 INFO [main] org.apache.catalina.startup.VersionLoggerListener.log CATALINA_BASE:                     C:\SisO\apache-tomcat-9.0.116-windows-x64\apache-tomcat-9.0.116
05-Apr-2026 19:47:05.437 INFO [main] org.apache.catalina.startup.VersionLoggerListener.log CATALINA_HOME:                     C:\SisO\apache-tomcat-9.0.116-windows-x64\apache-tomcat-9.0.116
05-Apr-2026 19:47:05.449 INFO [main] org.apache.catalina.startup.VersionLoggerListener.log Command line argument:             --add-opens=java.base/java.lang=ALL-UNNAMED
05-Apr-2026 19:47:05.449 INFO [main] org.apache.catalina.startup.VersionLoggerListener.log Command line argument:             --add-opens=java.base/java.lang.invoke=ALL-UNNAMED
05-Apr-2026 19:47:05.450 INFO [main] org.apache.catalina.startup.VersionLoggerListener.log Command line argument:             --add-opens=java.base/java.lang.reflect=ALL-UNNAMED
05-Apr-2026 19:47:05.450 INFO [main] org.apache.catalina.startup.VersionLoggerListener.log Command line argument:             --add-opens=java.base/java.io=ALL-UNNAMED
05-Apr-2026 19:47:05.450 INFO [main] org.apache.catalina.startup.VersionLoggerListener.log Command line argument:             --add-opens=java.base/java.util=ALL-UNNAMED
05-Apr-2026 19:47:05.450 INFO [main] org.apache.catalina.startup.VersionLoggerListener.log Command line argument:             --add-opens=java.base/java.util.concurrent=ALL-UNNAMED
05-Apr-2026 19:47:05.450 INFO [main] org.apache.catalina.startup.VersionLoggerListener.log Command line argument:             --add-opens=java.rmi/sun.rmi.transport=ALL-UNNAMED
05-Apr-2026 19:47:05.451 INFO [main] org.apache.catalina.startup.VersionLoggerListener.log Command line argument:             -Djava.util.logging.config.file=C:\SisO\apache-tomcat-9.0.116-windows-x64\apache-tomcat-9.0.116\conf\logging.properties
05-Apr-2026 19:47:05.451 INFO [main] org.apache.catalina.startup.VersionLoggerListener.log Command line argument:             -Djava.util.logging.manager=org.apache.juli.ClassLoaderLogManager
05-Apr-2026 19:47:05.451 INFO [main] org.apache.catalina.startup.VersionLoggerListener.log Command line argument:             -Djdk.tls.ephemeralDHKeySize=2048
05-Apr-2026 19:47:05.451 INFO [main] org.apache.catalina.startup.VersionLoggerListener.log Command line argument:             -Djava.protocol.handler.pkgs=org.apache.catalina.webresources
05-Apr-2026 19:47:05.452 INFO [main] org.apache.catalina.startup.VersionLoggerListener.log Command line argument:             -Dsun.io.useCanonCaches=false
05-Apr-2026 19:47:05.452 INFO [main] org.apache.catalina.startup.VersionLoggerListener.log Command line argument:             -Dignore.endorsed.dirs=
05-Apr-2026 19:47:05.452 INFO [main] org.apache.catalina.startup.VersionLoggerListener.log Command line argument:             -Dcatalina.base=C:\SisO\apache-tomcat-9.0.116-windows-x64\apache-tomcat-9.0.116
05-Apr-2026 19:47:05.543 INFO [main] org.apache.catalina.startup.VersionLoggerListener.log Command line argument:             -Dcatalina.home=C:\SisO\apache-tomcat-9.0.116-windows-x64\apache-tomcat-9.0.116
05-Apr-2026 19:47:05.543 INFO [main] org.apache.catalina.startup.VersionLoggerListener.log Command line argument:             -Djava.io.tmpdir=C:\SisO\apache-tomcat-9.0.116-windows-x64\apache-tomcat-9.0.116\temp
05-Apr-2026 19:47:05.706 INFO [main] org.apache.catalina.core.AprLifecycleListener.lifecycleEvent Cargada la biblioteca nativa APR de Apache Tomcat [1.3.7] con la versión APR [1.7.6].
05-Apr-2026 19:47:05.706 INFO [main] org.apache.catalina.core.AprLifecycleListener.lifecycleEvent Capacidades APR: IPv6 [true], enviar fichero [true], aceptar filtros [false], aleatorio [true], UDS [true].
05-Apr-2026 19:47:05.706 INFO [main] org.apache.catalina.core.AprLifecycleListener.lifecycleEvent APR/OpenSSL configuration: useAprConnector [false], useOpenSSL [true]
05-Apr-2026 19:47:05.720 INFO [main] org.apache.catalina.core.AprLifecycleListener.initializeSSL OpenSSL inicializado correctamente [OpenSSL 3.0.19 27 Jan 2026]
05-Apr-2026 19:47:06.392 INFO [main] org.apache.coyote.AbstractProtocol.init Inicializando el manejador de protocolo ["http-nio-8080"]

05-Apr-2026 19:47:06.453 INFO [main] org.apache.catalina.startup.Catalina.load Server initialization in [1498] milliseconds
05-Apr-2026 19:47:06.579 INFO [main] org.apache.catalina.core.StandardService.startInternal Arrancando servicio [Catalina]
05-Apr-2026 19:47:06.579 INFO [main] org.apache.catalina.core.StandardEngine.startInternal Starting Servlet engine: [Apache Tomcat/9.0.116]
05-Apr-2026 19:47:06.600 INFO [main] org.apache.catalina.startup.HostConfig.deployDescriptor Desplieque del descriptor de configuración [C:\SisO\apache-tomcat-9.0.116-windows-x64\apache-tomcat-9.0.116\conf\Catalina\localhost\WebApplication1.xml]
05-Apr-2026 19:47:06.639 WARNING [main] org.apache.catalina.startup.HostConfig.deployDescriptor The path attribute with value [/WebApplication1] in deployment descriptor [C:\SisO\apache-tomcat-9.0.116-windows-x64\apache-tomcat-9.0.116\conf\Catalina\localhost\WebApplication1.xml] has been ignored
05-Apr-2026 19:47:07.502 INFO [main] org.apache.catalina.startup.HostConfig.deployDescriptor Deployment of deployment descriptor [C:\SisO\apache-tomcat-9.0.116-windows-x64\apache-tomcat-9.0.116\conf\Catalina\localhost\WebApplication1.xml] has finished in [897] ms
05-Apr-2026 19:47:07.504 INFO [main] org.apache.catalina.startup.HostConfig.deployDirectory Desplegando el directorio [C:\SisO\apache-tomcat-9.0.116-windows-x64\apache-tomcat-9.0.116\webapps\docs] de la aplicación web
05-Apr-2026 19:47:07.588 INFO [main] org.apache.catalina.startup.HostConfig.deployDirectory Deployment of web application directory [C:\SisO\apache-tomcat-9.0.116-windows-x64\apache-tomcat-9.0.116\webapps\docs] has finished in [83] ms
05-Apr-2026 19:47:07.588 INFO [main] org.apache.catalina.startup.HostConfig.deployDirectory Desplegando el directorio [C:\SisO\apache-tomcat-9.0.116-windows-x64\apache-tomcat-9.0.116\webapps\examples] de la aplicación web
05-Apr-2026 19:47:08.898 INFO [main] org.apache.catalina.startup.HostConfig.deployDirectory Deployment of web application directory [C:\SisO\apache-tomcat-9.0.116-windows-x64\apache-tomcat-9.0.116\webapps\examples] has finished in [1.310] ms
05-Apr-2026 19:47:08.898 INFO [main] org.apache.catalina.startup.HostConfig.deployDirectory Desplegando el directorio [C:\SisO\apache-tomcat-9.0.116-windows-x64\apache-tomcat-9.0.116\webapps\host-manager] de la aplicación web
05-Apr-2026 19:47:08.986 INFO [main] org.apache.catalina.startup.HostConfig.deployDirectory Deployment of web application directory [C:\SisO\apache-tomcat-9.0.116-windows-x64\apache-tomcat-9.0.116\webapps\host-manager] has finished in [87] ms
05-Apr-2026 19:47:08.986 INFO [main] org.apache.catalina.startup.HostConfig.deployDirectory Desplegando el directorio [C:\SisO\apache-tomcat-9.0.116-windows-x64\apache-tomcat-9.0.116\webapps\manager] de la aplicación web
05-Apr-2026 19:47:09.050 INFO [main] org.apache.catalina.startup.HostConfig.deployDirectory Deployment of web application directory [C:\SisO\apache-tomcat-9.0.116-windows-x64\apache-tomcat-9.0.116\webapps\manager] has finished in [64] ms
05-Apr-2026 19:47:09.051 INFO [main] org.apache.catalina.startup.HostConfig.deployDirectory Desplegando el directorio [C:\SisO\apache-tomcat-9.0.116-windows-x64\apache-tomcat-9.0.116\webapps\ROOT] de la aplicación web
05-Apr-2026 19:47:09.107 INFO [main] org.apache.catalina.startup.HostConfig.deployDirectory Deployment of web application directory [C:\SisO\apache-tomcat-9.0.116-windows-x64\apache-tomcat-9.0.116\webapps\ROOT] has finished in [56] ms
05-Apr-2026 19:47:09.119 INFO [main] org.apache.coyote.AbstractProtocol.start Starting ProtocolHandler ["http-nio-8080"]
05-Apr-2026 19:47:09.165 INFO [main] org.apache.catalina.startup.Catalina.start Server startup in [2710] milliseconds
05-Apr-2026 19:47:47.883 INFO [http-nio-8080-exec-3] org.apache.catalina.startup.HostConfig.deployDescriptor Desplieque del descriptor de configuración [C:\SisO\apache-tomcat-9.0.116-windows-x64\apache-tomcat-9.0.116\conf\Catalina\localhost\AuditorioUNA.xml]
05-Apr-2026 19:47:47.886 WARNING [http-nio-8080-exec-3] org.apache.catalina.startup.HostConfig.deployDescriptor The path attribute with value [/AuditorioUNA] in deployment descriptor [C:\SisO\apache-tomcat-9.0.116-windows-x64\apache-tomcat-9.0.116\conf\Catalina\localhost\AuditorioUNA.xml] has been ignored
05-Apr-2026 19:47:48.792 INFO [http-nio-8080-exec-3] org.apache.jasper.servlet.TldScanner.scanJars Al menos un JAR, que se ha explorado buscando TLDs, aún no contenía TLDs. Activar historial de depuración para este historiador para una completa lista de los JARs que fueron explorados y de los que nos se halló TLDs. Saltarse JARs no necesarios durante la exploración puede dar lugar a una mejora de tiempo significativa en el arranque y compilación de JSP .
05-Apr-2026 19:47:48.798 INFO [http-nio-8080-exec-3] org.apache.catalina.startup.HostConfig.deployDescriptor Deployment of deployment descriptor [C:\SisO\apache-tomcat-9.0.116-windows-x64\apache-tomcat-9.0.116\conf\Catalina\localhost\AuditorioUNA.xml] has finished in [914] ms
05-Apr-2026 19:47:48.805 INFO [http-nio-8080-exec-5] org.apache.catalina.util.LifecycleBase.start The start() method was called on component [StandardEngine[Catalina].StandardHost[localhost].StandardContext[/AuditorioUNA]] after start() had already been called. The second call will be ignored.
05-Apr-2026 20:08:47.331 INFO [main] org.apache.catalina.core.StandardServer.await Se ha recibido un comando de apagado a través del puerto de apagado. Parando la instancia del Servidor.
05-Apr-2026 20:08:47.332 INFO [main] org.apache.coyote.AbstractProtocol.pause Pausing ProtocolHandler ["http-nio-8080"]
05-Apr-2026 20:08:47.342 INFO [main] org.apache.catalina.core.StandardService.stopInternal Parando servicio [Catalina]
05-Apr-2026 20:08:47.402 INFO [main] org.apache.coyote.AbstractProtocol.stop Stopping ProtocolHandler ["http-nio-8080"]
05-Apr-2026 20:08:47.419 INFO [main] org.apache.coyote.AbstractProtocol.destroy Destroying ProtocolHandler ["http-nio-8080"]
